{
  "RSpec": {
    "coverage": {
      "/home/pravin-karale/pravin/assignments/contact_message_final/config/environment.rb": {
        "lines": [
          null,
          1,
          null,
          null,
          1
        ]
      },
      "/home/pravin-karale/pravin/assignments/contact_message_final/config/application.rb": {
        "lines": [
          1,
          null,
          1,
          1,
          null,
          1,
          1,
          1,
          1,
          1,
          1,
          null,
          13,
          1,
          null,
          null,
          1,
          null,
          1,
          null,
          null
        ]
      },
      "/home/pravin-karale/pravin/assignments/contact_message_final/config/boot.rb": {
        "lines": [
          1,
          null,
          1,
          1
        ]
      },
      "/home/pravin-karale/pravin/assignments/contact_message_final/config/environments/test.rb": {
        "lines": [
          1,
          null,
          null,
          null,
          null,
          null,
          null,
          1,
          null,
          null,
          null,
          null,
          1,
          null,
          null,
          1,
          1,
          null,
          null,
          null,
          null,
          1,
          1,
          null,
          null,
          1,
          null,
          null,
          1,
          null,
          null,
          1,
          null,
          1,
          null,
          null,
          null,
          null,
          1,
          null,
          null,
          1,
          null,
          null,
          null,
          null
        ]
      },
      "/home/pravin-karale/pravin/assignments/contact_message_final/config/initializers/application_controller_renderer.rb": {
        "lines": [
          null,
          null,
          null,
          null,
          null,
          null,
          null,
          null
        ]
      },
      "/home/pravin-karale/pravin/assignments/contact_message_final/config/initializers/assets.rb": {
        "lines": [
          1,
          1
        ]
      },
      "/home/pravin-karale/pravin/assignments/contact_message_final/config/initializers/content_security_policy.rb": {
        "lines": [
          null,
          null,
          null,
          null,
          null,
          null,
          null,
          null,
          null,
          null,
          null,
          null,
          null,
          null,
          null,
          null,
          null,
          null,
          null,
          null,
          null,
          null,
          null,
          null,
          null
        ]
      },
      "/home/pravin-karale/pravin/assignments/contact_message_final/config/initializers/cookies_serializer.rb": {
        "lines": [
          null,
          null,
          null,
          null,
          1
        ]
      },
      "/home/pravin-karale/pravin/assignments/contact_message_final/config/initializers/filter_parameter_logging.rb": {
        "lines": [
          null,
          null,
          null,
          1
        ]
      },
      "/home/pravin-karale/pravin/assignments/contact_message_final/config/initializers/mime_types.rb": {
        "lines": [
          null,
          null,
          null,
          null
        ]
      },
      "/home/pravin-karale/pravin/assignments/contact_message_final/config/initializers/wrap_parameters.rb": {
        "lines": [
          null,
          null,
          null,
          null,
          null,
          null,
          1,
          2,
          null,
          null,
          null,
          null,
          null,
          null
        ]
      },
      "/home/pravin-karale/pravin/assignments/contact_message_final/config/routes.rb": {
        "lines": [
          1,
          1,
          1,
          1,
          null,
          null
        ]
      },
      "/home/pravin-karale/pravin/assignments/contact_message_final/app/controllers/api/users_controller.rb": {
        "lines": [
          1,
          null,
          1,
          2,
          2,
          2,
          1,
          1,
          null,
          1,
          1,
          null,
          null,
          null,
          1,
          4,
          null,
          null
        ]
      },
      "/home/pravin-karale/pravin/assignments/contact_message_final/app/controllers/application_controller.rb": {
        "lines": [
          1,
          1,
          1,
          1,
          null,
          1,
          3,
          3,
          null,
          null,
          1,
          3,
          null,
          null
        ]
      },
      "/home/pravin-karale/pravin/assignments/contact_message_final/spec/controllers/homes_controller_spec.rb": {
        "lines": [
          1,
          null,
          1,
          null,
          1,
          1,
          1,
          1,
          null,
          null,
          null,
          null
        ]
      },
      "/home/pravin-karale/pravin/assignments/contact_message_final/app/controllers/homes_controller.rb": {
        "lines": [
          1,
          1,
          1,
          1,
          1,
          1,
          null,
          null,
          null
        ]
      },
      "/home/pravin-karale/pravin/assignments/contact_message_final/spec/models/user_spec.rb": {
        "lines": [
          1,
          null,
          1,
          null,
          1,
          1,
          1,
          1,
          null,
          null,
          1,
          1,
          1,
          null,
          null,
          1,
          1,
          1,
          null,
          null,
          1,
          1,
          1,
          null,
          null,
          1,
          1,
          1,
          null,
          null,
          null,
          null
        ]
      },
      "/home/pravin-karale/pravin/assignments/contact_message_final/app/models/user.rb": {
        "lines": [
          1,
          1,
          1,
          1,
          null,
          1,
          null,
          1,
          0,
          null,
          null,
          1,
          2,
          null,
          null
        ]
      },
      "/home/pravin-karale/pravin/assignments/contact_message_final/app/models/application_record.rb": {
        "lines": [
          1,
          1,
          null
        ]
      },
      "/home/pravin-karale/pravin/assignments/contact_message_final/spec/views/homes/index.html.erb_spec.rb": {
        "lines": [
          1,
          null,
          1,
          1,
          1,
          1,
          1,
          1,
          null,
          null,
          1,
          1,
          1,
          1,
          null,
          null,
          null
        ]
      },
      "/home/pravin-karale/pravin/assignments/contact_message_final/app/jobs/message_delivery_job.rb": {
        "lines": [
          1,
          1,
          0,
          null,
          null
        ]
      },
      "/home/pravin-karale/pravin/assignments/contact_message_final/app/jobs/application_job.rb": {
        "lines": [
          1,
          null
        ]
      }
    },
    "timestamp": 1590238138
  }
}
